[2023-07-04 18:41:28.423] [INFO ] [main] com.springboot.api.ApiApplication Starting ApiApplication using Java 1.8.0_281 on 블루비즈 with PID 23160 (C:\Users\bluebiz\Documents\test\hello\hello\target\classes started by bluebiz in C:\Users\bluebiz\Documents\test\hello)
[2023-07-04 18:41:28.425] [INFO ] [main] com.springboot.api.ApiApplication No active profile set, falling back to default profiles: default
[2023-07-04 18:41:29.375] [INFO ] [main] org.springframework.boot.web.embedded.tomcat.TomcatWebServer Tomcat initialized with port(s): 8090 (http)
[2023-07-04 18:41:29.382] [INFO ] [main] org.apache.coyote.http11.Http11NioProtocol Initializing ProtocolHandler ["http-nio-8090"]
[2023-07-04 18:41:29.383] [INFO ] [main] org.apache.catalina.core.StandardService Starting service [Tomcat]
[2023-07-04 18:41:29.383] [INFO ] [main] org.apache.catalina.core.StandardEngine Starting Servlet engine: [Apache Tomcat/9.0.48]
[2023-07-04 18:41:29.461] [INFO ] [main] org.apache.catalina.core.ContainerBase.[Tomcat].[localhost].[/] Initializing Spring embedded WebApplicationContext
[2023-07-04 18:41:29.461] [INFO ] [main] org.springframework.boot.web.servlet.context.ServletWebServerApplicationContext Root WebApplicationContext: initialization completed in 1001 ms
[2023-07-04 18:41:29.781] [INFO ] [main] springfox.documentation.spring.web.PropertySourcedRequestMappingHandlerMapping Mapped URL path [/v2/api-docs] onto method [springfox.documentation.swagger2.web.Swagger2Controller#getDocumentation(String, HttpServletRequest)]
[2023-07-04 18:41:29.939] [INFO ] [main] org.apache.coyote.http11.Http11NioProtocol Starting ProtocolHandler ["http-nio-8090"]
[2023-07-04 18:41:29.951] [INFO ] [main] org.springframework.boot.web.embedded.tomcat.TomcatWebServer Tomcat started on port(s): 8090 (http) with context path ''
[2023-07-04 18:41:29.952] [INFO ] [main] springfox.documentation.spring.web.plugins.DocumentationPluginsBootstrapper Context refreshed
[2023-07-04 18:41:29.965] [INFO ] [main] springfox.documentation.spring.web.plugins.DocumentationPluginsBootstrapper Found 1 custom documentation plugin(s)
[2023-07-04 18:41:29.992] [INFO ] [main] springfox.documentation.spring.web.scanners.ApiListingReferenceScanner Scanning for api listing references
[2023-07-04 18:41:30.138] [INFO ] [main] com.springboot.api.ApiApplication Started ApiApplication in 2.116 seconds (JVM running for 2.782)
[2023-07-04 18:41:39.747] [INFO ] [http-nio-8090-exec-1] org.apache.catalina.core.ContainerBase.[Tomcat].[localhost].[/] Initializing Spring DispatcherServlet 'dispatcherServlet'
[2023-07-04 18:41:39.747] [INFO ] [http-nio-8090-exec-1] org.springframework.web.servlet.DispatcherServlet Initializing Servlet 'dispatcherServlet'
[2023-07-04 18:41:39.748] [INFO ] [http-nio-8090-exec-1] org.springframework.web.servlet.DispatcherServlet Completed initialization in 1 ms
[2023-07-04 18:41:46.622] [INFO ] [http-nio-8090-exec-9] com.springboot.api.controller.GetController getName 메서드가 호출되었습니다.
[2023-07-04 19:09:48.145] [INFO ] [main] com.springboot.api.ApiApplication Starting ApiApplication using Java 1.8.0_281 on 블루비즈 with PID 22992 (C:\Users\bluebiz\Documents\test\hello\hello\target\classes started by bluebiz in C:\Users\bluebiz\Documents\test\hello)
[2023-07-04 19:09:48.148] [INFO ] [main] com.springboot.api.ApiApplication No active profile set, falling back to default profiles: default
[2023-07-04 19:09:49.075] [INFO ] [main] org.springframework.boot.web.embedded.tomcat.TomcatWebServer Tomcat initialized with port(s): 8090 (http)
[2023-07-04 19:09:49.082] [INFO ] [main] org.apache.coyote.http11.Http11NioProtocol Initializing ProtocolHandler ["http-nio-8090"]
[2023-07-04 19:09:49.083] [INFO ] [main] org.apache.catalina.core.StandardService Starting service [Tomcat]
[2023-07-04 19:09:49.083] [INFO ] [main] org.apache.catalina.core.StandardEngine Starting Servlet engine: [Apache Tomcat/9.0.48]
[2023-07-04 19:09:49.162] [INFO ] [main] org.apache.catalina.core.ContainerBase.[Tomcat].[localhost].[/] Initializing Spring embedded WebApplicationContext
[2023-07-04 19:09:49.162] [INFO ] [main] org.springframework.boot.web.servlet.context.ServletWebServerApplicationContext Root WebApplicationContext: initialization completed in 978 ms
[2023-07-04 19:09:49.457] [INFO ] [main] springfox.documentation.spring.web.PropertySourcedRequestMappingHandlerMapping Mapped URL path [/v2/api-docs] onto method [springfox.documentation.swagger2.web.Swagger2Controller#getDocumentation(String, HttpServletRequest)]
[2023-07-04 19:09:49.613] [INFO ] [main] org.apache.coyote.http11.Http11NioProtocol Starting ProtocolHandler ["http-nio-8090"]
[2023-07-04 19:09:49.625] [INFO ] [main] org.springframework.boot.web.embedded.tomcat.TomcatWebServer Tomcat started on port(s): 8090 (http) with context path ''
[2023-07-04 19:09:49.626] [INFO ] [main] springfox.documentation.spring.web.plugins.DocumentationPluginsBootstrapper Context refreshed
[2023-07-04 19:09:49.639] [INFO ] [main] springfox.documentation.spring.web.plugins.DocumentationPluginsBootstrapper Found 1 custom documentation plugin(s)
[2023-07-04 19:09:49.663] [INFO ] [main] springfox.documentation.spring.web.scanners.ApiListingReferenceScanner Scanning for api listing references
[2023-07-04 19:09:49.805] [INFO ] [main] com.springboot.api.ApiApplication Started ApiApplication in 2.083 seconds (JVM running for 2.658)
